build/outputs/logs/manifest-merger-debug-report.txt
-- Merging decision tree log ---
manifest
ADDED from src\main\AndroidManifest.xml:2:1-97:12
	package
		ADDED from src\main\AndroidManifest.xml:3:5-40
		INJECTED from src\main\AndroidManifest.xml
		INJECTED from src\main\AndroidManifest.xml
	android:versionName
		ADDED from src\main\AndroidManifest.xml:5:5-34
		INJECTED from src\main\AndroidManifest.xml
		INJECTED from src\main\AndroidManifest.xml
	android:versionCode
		ADDED from src\main\AndroidManifest.xml:4:5-29
		INJECTED from src\main\AndroidManifest.xml
		INJECTED from src\main\AndroidManifest.xml
	xmlns:android
		ADDED from src\main\AndroidManifest.xml:2:11-69
uses-feature#0x00020000
ADDED from src\main\AndroidManifest.xml:8:5-10:35
	android:glEsVersion
		ADDED from src\main\AndroidManifest.xml:9:9-41
	android:required
		ADDED from src\main\AndroidManifest.xml:10:9-32
application
ADDED from src\main\AndroidManifest.xml:12:5-95:19
	android:label
		ADDED from src\main\AndroidManifest.xml:14:9-41
	android:icon
		ADDED from src\main\AndroidManifest.xml:13:9-38
activity#com.learnopengles.android.TableOfContents
ADDED from src\main\AndroidManifest.xml:20:9-26:20
	android:name
		ADDED from src\main\AndroidManifest.xml:20:19-49
intent-filter#android.intent.action.MAIN+android.intent.category.LAUNCHER
ADDED from src\main\AndroidManifest.xml:21:13-25:29
action#android.intent.action.MAIN
ADDED from src\main\AndroidManifest.xml:22:17-69
	android:name
		ADDED from src\main\AndroidManifest.xml:22:25-66
category#android.intent.category.LAUNCHER
ADDED from src\main\AndroidManifest.xml:24:17-77
	android:name
		ADDED from src\main\AndroidManifest.xml:24:27-74
activity#com.learnopengles.android.lesson1.LessonOneActivity
ADDED from src\main\AndroidManifest.xml:27:9-29:50
	android:label
		ADDED from src\main\AndroidManifest.xml:29:13-47
	android:name
		ADDED from src\main\AndroidManifest.xml:28:13-54
activity#com.learnopengles.android.lesson2.LessonTwoActivity
ADDED from src\main\AndroidManifest.xml:30:9-32:50
	android:label
		ADDED from src\main\AndroidManifest.xml:32:13-47
	android:name
		ADDED from src\main\AndroidManifest.xml:31:13-54
activity#com.learnopengles.android.lesson3.LessonThreeActivity
ADDED from src\main\AndroidManifest.xml:33:9-35:52
	android:label
		ADDED from src\main\AndroidManifest.xml:35:13-49
	android:name
		ADDED from src\main\AndroidManifest.xml:34:13-56
activity#com.learnopengles.android.lesson4.LessonFourActivity
ADDED from src\main\AndroidManifest.xml:36:9-38:51
	android:label
		ADDED from src\main\AndroidManifest.xml:38:13-48
	android:name
		ADDED from src\main\AndroidManifest.xml:37:13-55
activity#com.learnopengles.android.lesson5.LessonFiveActivity
ADDED from src\main\AndroidManifest.xml:39:9-41:51
	android:label
		ADDED from src\main\AndroidManifest.xml:41:13-48
	android:name
		ADDED from src\main\AndroidManifest.xml:40:13-55
activity#com.learnopengles.android.lesson6.LessonSixActivity
ADDED from src\main\AndroidManifest.xml:42:9-44:50
	android:label
		ADDED from src\main\AndroidManifest.xml:44:13-47
	android:name
		ADDED from src\main\AndroidManifest.xml:43:13-54
activity#com.learnopengles.android.lesson7.LessonSevenActivity
ADDED from src\main\AndroidManifest.xml:45:9-47:52
	android:label
		ADDED from src\main\AndroidManifest.xml:47:13-49
	android:name
		ADDED from src\main\AndroidManifest.xml:46:13-56
activity#com.learnopengles.android.lesson8.LessonEightActivity
ADDED from src\main\AndroidManifest.xml:48:9-50:52
	android:label
		ADDED from src\main\AndroidManifest.xml:50:13-49
	android:name
		ADDED from src\main\AndroidManifest.xml:49:13-56
service#com.learnopengles.android.livewallpaper.LessonThreeWallpaperService
ADDED from src\main\AndroidManifest.xml:52:9-63:19
	android:label
		ADDED from src\main\AndroidManifest.xml:54:13-61
	android:permission
		ADDED from src\main\AndroidManifest.xml:55:13-67
	android:name
		ADDED from src\main\AndroidManifest.xml:53:13-70
intent-filter#android.service.wallpaper.WallpaperService
ADDED from src\main\AndroidManifest.xml:56:13-58:29
action#android.service.wallpaper.WallpaperService
ADDED from src\main\AndroidManifest.xml:57:17-85
	android:name
		ADDED from src\main\AndroidManifest.xml:57:25-82
meta-data#android.service.wallpaper
ADDED from src\main\AndroidManifest.xml:60:13-62:53
	android:resource
		ADDED from src\main\AndroidManifest.xml:62:17-50
	android:name
		ADDED from src\main\AndroidManifest.xml:61:17-57
service#com.learnopengles.android.rbgrnlivewallpaper.LessonThreeWallpaperService
ADDED from src\main\AndroidManifest.xml:64:9-75:19
	android:label
		ADDED from src\main\AndroidManifest.xml:66:13-61
	android:permission
		ADDED from src\main\AndroidManifest.xml:67:13-67
	android:name
		ADDED from src\main\AndroidManifest.xml:65:13-75
service#com.learnopengles.android.switchinglivewallpaper.LessonThreeWallpaperService
ADDED from src\main\AndroidManifest.xml:76:9-87:19
	android:label
		ADDED from src\main\AndroidManifest.xml:78:13-61
	android:permission
		ADDED from src\main\AndroidManifest.xml:79:13-67
	android:name
		ADDED from src\main\AndroidManifest.xml:77:13-79
activity#com.learnopengles.android.switchinglivewallpaper.WallpaperSettings
ADDED from src\main\AndroidManifest.xml:88:9-94:20
	android:label
		ADDED from src\main\AndroidManifest.xml:91:13-61
	android:exported
		ADDED from src\main\AndroidManifest.xml:90:13-36
	android:permission
		ADDED from src\main\AndroidManifest.xml:92:13-67
	android:theme
		ADDED from src\main\AndroidManifest.xml:93:13-58
	android:name
		ADDED from src\main\AndroidManifest.xml:89:13-69
uses-sdk
INJECTED from src\main\AndroidManifest.xml reason: use-sdk injection requested
	android:targetSdkVersion
		INJECTED from src\main\AndroidManifest.xml
		INJECTED from src\main\AndroidManifest.xml
	android:minSdkVersion
		INJECTED from src\main\AndroidManifest.xml
		INJECTED from src\main\AndroidManifest.xml